0 info it worked if it ends with ok
1 verbose cli [ 'C:\\Program Files\\nodejs\\node.exe',
1 verbose cli   'C:\\Program Files\\nodejs\\node_modules\\npm\\bin\\npm-cli.js',
1 verbose cli   'install',
1 verbose cli   'child_process' ]
2 info using npm@2.15.5
3 info using node@v4.4.5
4 verbose install initial load of C:\Users\Chell II\Documents\WebCodeStuff\NodeStuff\Express\package.json
5 warn package.json myapp@1.0.0 No repository field.
6 warn package.json myapp@1.0.0 No README data
7 verbose installManyTop reading scoped package data from C:\Users\Chell II\Documents\WebCodeStuff\NodeStuff\Express\node_modules\body-parser\package.json
8 verbose installManyTop reading scoped package data from C:\Users\Chell II\Documents\WebCodeStuff\NodeStuff\Express\node_modules\cookie-parser\package.json
9 verbose installManyTop reading scoped package data from C:\Users\Chell II\Documents\WebCodeStuff\NodeStuff\Express\node_modules\express\package.json
10 verbose installManyTop reading scoped package data from C:\Users\Chell II\Documents\WebCodeStuff\NodeStuff\Express\node_modules\mongoose\package.json
11 verbose installManyTop reading scoped package data from C:\Users\Chell II\Documents\WebCodeStuff\NodeStuff\Express\node_modules\multer\package.json
12 verbose readDependencies loading dependencies from C:\Users\Chell II\Documents\WebCodeStuff\NodeStuff\Express\package.json
13 silly cache add args [ 'child_process', null ]
14 verbose cache add spec child_process
15 silly cache add parsed spec Result {
15 silly cache add   raw: 'child_process',
15 silly cache add   scope: null,
15 silly cache add   name: 'child_process',
15 silly cache add   rawSpec: '',
15 silly cache add   spec: 'latest',
15 silly cache add   type: 'tag' }
16 silly addNamed child_process@latest
17 verbose addNamed "latest" is being treated as a dist-tag for child_process
18 info addNameTag [ 'child_process', 'latest' ]
19 silly mapToRegistry name child_process
20 silly mapToRegistry using default registry
21 silly mapToRegistry registry https://registry.npmjs.org/
22 silly mapToRegistry data Result {
22 silly mapToRegistry   raw: 'child_process',
22 silly mapToRegistry   scope: null,
22 silly mapToRegistry   name: 'child_process',
22 silly mapToRegistry   rawSpec: '',
22 silly mapToRegistry   spec: 'latest',
22 silly mapToRegistry   type: 'tag' }
23 silly mapToRegistry uri https://registry.npmjs.org/child_process
24 verbose addNameTag registry:https://registry.npmjs.org/child_process not in flight; fetching
25 verbose request uri https://registry.npmjs.org/child_process
26 verbose request no auth needed
27 info attempt registry request try #1 at 7:51:10 PM
28 verbose request using bearer token for auth
29 verbose request id 3bed23a35e61d202
30 http request GET https://registry.npmjs.org/child_process
31 http 404 https://registry.npmjs.org/child_process
32 verbose headers { 'content-type': 'application/json',
32 verbose headers   'cache-control': 'max-age=0',
32 verbose headers   'content-length': '2',
32 verbose headers   'accept-ranges': 'bytes',
32 verbose headers   date: 'Fri, 17 Jun 2016 02:51:12 GMT',
32 verbose headers   via: '1.1 varnish',
32 verbose headers   connection: 'keep-alive',
32 verbose headers   'x-served-by': 'cache-lax1427-LAX',
32 verbose headers   'x-cache': 'MISS',
32 verbose headers   'x-cache-hits': '0',
32 verbose headers   'x-timer': 'S1466131872.209789,VS0,VE43',
32 verbose headers   vary: 'Accept-Encoding' }
33 silly get cb [ 404,
33 silly get   { 'content-type': 'application/json',
33 silly get     'cache-control': 'max-age=0',
33 silly get     'content-length': '2',
33 silly get     'accept-ranges': 'bytes',
33 silly get     date: 'Fri, 17 Jun 2016 02:51:12 GMT',
33 silly get     via: '1.1 varnish',
33 silly get     connection: 'keep-alive',
33 silly get     'x-served-by': 'cache-lax1427-LAX',
33 silly get     'x-cache': 'MISS',
33 silly get     'x-cache-hits': '0',
33 silly get     'x-timer': 'S1466131872.209789,VS0,VE43',
33 silly get     vary: 'Accept-Encoding' } ]
34 verbose stack Error: Registry returned 404 for GET on https://registry.npmjs.org/child_process
34 verbose stack     at makeError (C:\Program Files\nodejs\node_modules\npm\node_modules\npm-registry-client\lib\request.js:264:12)
34 verbose stack     at CachingRegistryClient.<anonymous> (C:\Program Files\nodejs\node_modules\npm\node_modules\npm-registry-client\lib\request.js:242:14)
34 verbose stack     at Request._callback (C:\Program Files\nodejs\node_modules\npm\node_modules\npm-registry-client\lib\request.js:172:14)
34 verbose stack     at Request.self.callback (C:\Program Files\nodejs\node_modules\npm\node_modules\request\request.js:200:22)
34 verbose stack     at emitTwo (events.js:87:13)
34 verbose stack     at Request.emit (events.js:172:7)
34 verbose stack     at Request.<anonymous> (C:\Program Files\nodejs\node_modules\npm\node_modules\request\request.js:1067:10)
34 verbose stack     at emitOne (events.js:82:20)
34 verbose stack     at Request.emit (events.js:169:7)
34 verbose stack     at IncomingMessage.<anonymous> (C:\Program Files\nodejs\node_modules\npm\node_modules\request\request.js:988:12)
35 verbose statusCode 404
36 verbose pkgid child_process
37 verbose cwd C:\Users\Chell II\Documents\WebCodeStuff\NodeStuff\Express
38 error Windows_NT 10.0.10586
39 error argv "C:\\Program Files\\nodejs\\node.exe" "C:\\Program Files\\nodejs\\node_modules\\npm\\bin\\npm-cli.js" "install" "child_process"
40 error node v4.4.5
41 error npm  v2.15.5
42 error code E404
43 error 404 Registry returned 404 for GET on https://registry.npmjs.org/child_process
43 error 404
43 error 404 'child_process' is not in the npm registry.
43 error 404 Your package name is not valid, because
43 error 404
43 error 404  1. child_process is a core module name
43 error 404 It was specified as a dependency of 'myapp'
43 error 404
43 error 404 Note that you can also install from a
43 error 404 tarball, folder, http url, or git url.
44 verbose exit [ 1, true ]
